<?xml version="1.0" encoding="UTF-8"?>
<!-- Generated by org.testng.reporters.JUnitXMLReporter -->
<testsuite hostname="dell" ignored="0" name="Default test" tests="2" failures="0" timestamp="18 Feb 2019 11:09:27 GMT" time="5.75" errors="0">
  <testcase name="testWithoutHeader" time="4.887" classname="com.qa.restassuredApiTesting.GetAPITestRestAssured"/>
  <testcase name="testWithHeader" time="0.799" classname="com.qa.restassuredApiTesting.GetAPITestRestAssured"/>
</testsuite> <!-- Default test -->
